[debug] [2025-05-07T11:15:18.532Z] ----------------------------------------------------------------------
[debug] [2025-05-07T11:15:18.535Z] Command:       C:\Program Files\nodejs\node.exe C:\Users\NComputing\AppData\Roaming\npm\node_modules\firebase-tools\lib\bin\firebase.js init functions
[debug] [2025-05-07T11:15:18.536Z] CLI Version:   14.2.2
[debug] [2025-05-07T11:15:18.536Z] Platform:      win32
[debug] [2025-05-07T11:15:18.536Z] Node Version:  v22.14.0
[debug] [2025-05-07T11:15:18.536Z] Time:          Wed May 07 2025 16:45:18 GMT+0530 (India Standard Time)
[debug] [2025-05-07T11:15:18.536Z] ----------------------------------------------------------------------
[debug] 
[debug] [2025-05-07T11:15:18.746Z] > command requires scopes: ["email","openid","https://www.googleapis.com/auth/cloudplatformprojects.readonly","https://www.googleapis.com/auth/firebase","https://www.googleapis.com/auth/cloud-platform"]
[debug] [2025-05-07T11:15:18.747Z] > authorizing via signed-in user (satyampawar91@gmail.com)
[info] 
     ######## #### ########  ######## ########     ###     ######  ########
     ##        ##  ##     ## ##       ##     ##  ##   ##  ##       ##
     ######    ##  ########  ######   ########  #########  ######  ######
     ##        ##  ##    ##  ##       ##     ## ##     ##       ## ##
     ##       #### ##     ## ######## ########  ##     ##  ######  ########

You're about to initialize a Firebase project in this directory:

  C:\Users\NComputing\Desktop\projects\game-project

Before we get started, keep in mind:

  * You are initializing within an existing Firebase project directory

[info] 
=== Project Setup
[info] 
[info] First, let's associate this project directory with a Firebase project.
[info] You can create multiple project aliases by running firebase use --add, 
[info] but for now we'll just set up a default project.
[info] 
[debug] [2025-05-07T11:15:55.581Z] Using project from CLI flag: my-game-project-af09c
[debug] [2025-05-07T11:15:55.583Z] Checked if tokens are valid: true, expires at: 1746617757786
[debug] [2025-05-07T11:15:55.583Z] Checked if tokens are valid: true, expires at: 1746617757786
[debug] [2025-05-07T11:15:55.584Z] >>> [apiv2][query] GET https://firebase.googleapis.com/v1beta1/projects/my-game-project-af09c [none]
[debug] [2025-05-07T11:15:56.015Z] <<< [apiv2][status] GET https://firebase.googleapis.com/v1beta1/projects/my-game-project-af09c 200
[debug] [2025-05-07T11:15:56.015Z] <<< [apiv2][body] GET https://firebase.googleapis.com/v1beta1/projects/my-game-project-af09c {"projectId":"my-game-project-af09c","projectNumber":"947698080858","displayName":"My-Game-Project","name":"projects/my-game-project-af09c","resources":{"hostingSite":"my-game-project-af09c"},"state":"ACTIVE","etag":"1_e0d928cf-75a5-418d-87aa-3ff53b57039c"}
[info] i  Using project my-game-project-af09c (My-Game-Project) 
[info] 
=== Functions Setup
[debug] [2025-05-07T11:15:56.044Z] > command requires scopes: ["email","openid","https://www.googleapis.com/auth/cloudplatformprojects.readonly","https://www.googleapis.com/auth/firebase","https://www.googleapis.com/auth/cloud-platform"]
[debug] [2025-05-07T11:15:56.045Z] > authorizing via signed-in user (satyampawar91@gmail.com)
[debug] [2025-05-07T11:15:56.045Z] [iam] checking project my-game-project-af09c for permissions ["firebase.projects.get"]
[debug] [2025-05-07T11:15:56.045Z] Checked if tokens are valid: true, expires at: 1746617757786
[debug] [2025-05-07T11:15:56.046Z] Checked if tokens are valid: true, expires at: 1746617757786
[debug] [2025-05-07T11:15:56.046Z] >>> [apiv2][query] POST https://cloudresourcemanager.googleapis.com/v1/projects/my-game-project-af09c:testIamPermissions [none]
[debug] [2025-05-07T11:15:56.046Z] >>> [apiv2][(partial)header] POST https://cloudresourcemanager.googleapis.com/v1/projects/my-game-project-af09c:testIamPermissions x-goog-quota-user=projects/my-game-project-af09c
[debug] [2025-05-07T11:15:56.046Z] >>> [apiv2][body] POST https://cloudresourcemanager.googleapis.com/v1/projects/my-game-project-af09c:testIamPermissions {"permissions":["firebase.projects.get"]}
[debug] [2025-05-07T11:15:57.435Z] <<< [apiv2][status] POST https://cloudresourcemanager.googleapis.com/v1/projects/my-game-project-af09c:testIamPermissions 200
[debug] [2025-05-07T11:15:57.435Z] <<< [apiv2][body] POST https://cloudresourcemanager.googleapis.com/v1/projects/my-game-project-af09c:testIamPermissions {"permissions":["firebase.projects.get"]}
[debug] [2025-05-07T11:15:57.436Z] Checked if tokens are valid: true, expires at: 1746617757786
[debug] [2025-05-07T11:15:57.436Z] Checked if tokens are valid: true, expires at: 1746617757786
[debug] [2025-05-07T11:15:57.436Z] Checked if tokens are valid: true, expires at: 1746617757786
[debug] [2025-05-07T11:15:57.436Z] Checked if tokens are valid: true, expires at: 1746617757786
[debug] [2025-05-07T11:15:57.436Z] >>> [apiv2][query] GET https://serviceusage.googleapis.com/v1/projects/my-game-project-af09c/services/cloudfunctions.googleapis.com [none]
[debug] [2025-05-07T11:15:57.436Z] >>> [apiv2][(partial)header] GET https://serviceusage.googleapis.com/v1/projects/my-game-project-af09c/services/cloudfunctions.googleapis.com x-goog-quota-user=projects/my-game-project-af09c
[debug] [2025-05-07T11:15:57.437Z] >>> [apiv2][query] GET https://serviceusage.googleapis.com/v1/projects/my-game-project-af09c/services/runtimeconfig.googleapis.com [none]
[debug] [2025-05-07T11:15:57.437Z] >>> [apiv2][(partial)header] GET https://serviceusage.googleapis.com/v1/projects/my-game-project-af09c/services/runtimeconfig.googleapis.com x-goog-quota-user=projects/my-game-project-af09c
[debug] [2025-05-07T11:15:58.182Z] <<< [apiv2][status] GET https://serviceusage.googleapis.com/v1/projects/my-game-project-af09c/services/runtimeconfig.googleapis.com 200
[debug] [2025-05-07T11:15:58.182Z] <<< [apiv2][body] GET https://serviceusage.googleapis.com/v1/projects/my-game-project-af09c/services/runtimeconfig.googleapis.com [omitted]
[debug] [2025-05-07T11:15:59.227Z] <<< [apiv2][status] GET https://serviceusage.googleapis.com/v1/projects/my-game-project-af09c/services/cloudfunctions.googleapis.com 200
[debug] [2025-05-07T11:15:59.227Z] <<< [apiv2][body] GET https://serviceusage.googleapis.com/v1/projects/my-game-project-af09c/services/cloudfunctions.googleapis.com [omitted]
[info] 
Detected existing codebase(s): default

[info] Let's create a new codebase for your functions.
[info] A directory corresponding to the codebase will be created in your project
[info] with sample code pre-configured.

[info] See https://firebase.google.com/docs/functions/organize-functions for
[info] more information on organizing your functions using codebases.

[info] Functions can be deployed with firebase deploy.

[error] Invalid codebase name. Codebase must be less than 64 characters and can contain only lowercase letters, numeric characters, underscores, and dashes.
